/*C3*/SET SCHEMA PUBLIC
drop table if exists faculty CASCADE 
drop table if exists lector CASCADE 
drop table if exists lecture CASCADE 
drop table if exists student CASCADE 
drop table if exists subject CASCADE 
drop table if exists university_group CASCADE 
drop sequence hibernate_sequence if exists
create sequence hibernate_sequence start with 1 increment by 1
create table faculty (faculty_id integer not null, name varchar(30), primary key (faculty_id))
create table lector (lector_id integer not null, address varchar(255), name varchar(30), phone varchar(16), salary double not null, primary key (lector_id))
create table lecture (lecture_id integer not null, lecture_type integer, time timestamp, group_id integer not null, lector_id integer not null, subject_id integer not null, primary key (lecture_id))
create table student (student_id integer not null, address varchar(255), name varchar(30), phone varchar(16), group_id integer, primary key (student_id))
create table subject (subject_id integer not null, name varchar(30), primary key (subject_id))
create table university_group (group_id integer not null, name varchar(255), faculty_id integer, primary key (group_id))
alter table lecture add constraint FKahp21ukkfmne6fky1s00wl1tm foreign key (group_id) references university_group
alter table lecture add constraint FKf86mk6f7cr44hl25pkxnbtph2 foreign key (lector_id) references lector
alter table lecture add constraint FKe4a1kd2dml7m5hr42aal7nvew foreign key (subject_id) references subject
alter table student add constraint FKrmvq3iao097xuicmamd6l83ja foreign key (group_id) references university_group
alter table university_group add constraint FK8281e3duixfq476ojy4uq1n34 foreign key (faculty_id) references faculty
INSERT INTO FACULTY VALUES(1,'\u0413\u0440\u0438\u0444\u0438\u043d\u0434\u043e\u0440')
ALTER SEQUENCE PUBLIC.HIBERNATE_SEQUENCE RESTART WITH 2
COMMIT
INSERT INTO FACULTY VALUES(2,'\u041f\u0443\u0444\u0444\u0435\u043d\u0434\u0443\u0439')
ALTER SEQUENCE PUBLIC.HIBERNATE_SEQUENCE RESTART WITH 3
COMMIT
INSERT INTO UNIVERSITY_GROUP VALUES(3,'\u041f\u0435\u0440\u0448\u0430 \u0433\u0440\u0443\u043f\u043f\u0430',1)
ALTER SEQUENCE PUBLIC.HIBERNATE_SEQUENCE RESTART WITH 4
COMMIT
INSERT INTO UNIVERSITY_GROUP VALUES(4,'\u0414\u0440\u0443\u0433\u0430 \u0433\u0440\u0443\u043f\u043f\u0430',2)
ALTER SEQUENCE PUBLIC.HIBERNATE_SEQUENCE RESTART WITH 5
COMMIT
INSERT INTO STUDENT VALUES(5,'\u0425\u0430\u0440\u043a\u0456\u0432','\u041c\u0438\u043a\u0438\u0442\u0430 \u0422\u0440\u0443\u0444\u0430\u043d\u043e\u0432','12359632',3)
ALTER SEQUENCE PUBLIC.HIBERNATE_SEQUENCE RESTART WITH 6
COMMIT
INSERT INTO STUDENT VALUES(6,'\u041a\u0438\u0457\u0432','\u041e\u043b\u0435\u0433 \u0421\u0435\u0440\u0433\u0435\u0454\u0432','23145813',4)
ALTER SEQUENCE PUBLIC.HIBERNATE_SEQUENCE RESTART WITH 7
COMMIT
INSERT INTO STUDENT VALUES(7,'\u041b\u044c\u0432\u0456\u0432','\u041c\u0430\u043a\u0441\u0438\u043c \u0425\u043e\u0434\u0430\u043a','92340224',3)
ALTER SEQUENCE PUBLIC.HIBERNATE_SEQUENCE RESTART WITH 8
COMMIT
INSERT INTO STUDENT VALUES(8,'\u0416\u0438\u0442\u043e\u043c\u0438\u0440','\u0414\u043c\u0438\u0442\u0440\u043e \u0414\u0435\u043d\u0438\u0441\u0435\u043d\u043a\u043e','12390123',4)
ALTER SEQUENCE PUBLIC.HIBERNATE_SEQUENCE RESTART WITH 9
COMMIT
INSERT INTO STUDENT VALUES(9,'\u0412\u0456\u043d\u043d\u0438\u0446\u044f','\u0414\u0430\u043d\u0438\u043b \u0428\u0430\u043f\u043e\u0432\u0430\u043b\u043e\u0432','934913795',3)
ALTER SEQUENCE PUBLIC.HIBERNATE_SEQUENCE RESTART WITH 10
COMMIT
INSERT INTO STUDENT VALUES(10,'\u0414\u043d\u0456\u043f\u0440\u043e','\u0412\u043e\u043b\u043e\u0434\u0438\u043c\u0438\u0440 \u0411\u0456\u043b\u0438\u0439','23347920',3)
ALTER SEQUENCE PUBLIC.HIBERNATE_SEQUENCE RESTART WITH 11
COMMIT
INSERT INTO LECTOR VALUES(11,'\u0425\u0430\u0440\u043a\u0456\u0432','\u041c\u0438\u043a\u043e\u043b\u0430\u0454\u043d\u043a\u043e \u041c\u0438\u043a\u043e\u043b\u0430 \u041c\u0438\u043a\u043e\u043b\u0430\u0439\u043e\u0432\u0438\u0447','0506789456',100.0E0)
ALTER SEQUENCE PUBLIC.HIBERNATE_SEQUENCE RESTART WITH 12
COMMIT
INSERT INTO LECTOR VALUES(12,'\u041a\u0438\u0457\u0432','\u041f\u0435\u0442\u0440\u0435\u043d\u043a\u043e \u041f\u0435\u0442\u0440\u043e \u041f\u0435\u0442\u0440\u043e\u0432\u0438\u0447','0577021831',125.0E0)
ALTER SEQUENCE PUBLIC.HIBERNATE_SEQUENCE RESTART WITH 13
COMMIT
INSERT INTO LECTOR VALUES(13,'\u0425\u0430\u0440\u043a\u0456\u0432','\u0423\u0448\u0430\u043a\u043e\u0432\u0430 \u0406\u0440\u0438\u043d\u0430 \u041e\u043b\u0435\u043a\u0441\u0456\u0457\u0432\u043d\u0430','0577021831',140.0E0)
ALTER SEQUENCE PUBLIC.HIBERNATE_SEQUENCE RESTART WITH 14
COMMIT
INSERT INTO SUBJECT VALUES(14,'\u041c\u043e\u0431\u0456\u043b\u044c\u043d\u0456 \u0442\u0435\u0445\u043d\u043e\u043b\u043e\u0433\u0456\u0457')
ALTER SEQUENCE PUBLIC.HIBERNATE_SEQUENCE RESTART WITH 15
COMMIT
INSERT INTO SUBJECT VALUES(15,'\u0424\u0456\u043b\u043e\u0441\u043e\u0444\u0456\u044f')
ALTER SEQUENCE PUBLIC.HIBERNATE_SEQUENCE RESTART WITH 16
COMMIT
INSERT INTO SUBJECT VALUES(16,'\u0410\u043b\u0433\u043e\u0440\u0438\u0442\u043c\u0438 \u0442\u0430 \u0441\u0442\u0440\u0443\u043a\u0442\u0443\u0440\u0438 \u0434\u0430\u043d\u0438\u0445')
ALTER SEQUENCE PUBLIC.HIBERNATE_SEQUENCE RESTART WITH 17
COMMIT
INSERT INTO SUBJECT VALUES(17,'\u0415\u043a\u043e\u043d\u043e\u043c\u0456\u043a\u0430 \u0442\u0430 \u043f\u0440\u0430\u0432\u043e')
ALTER SEQUENCE PUBLIC.HIBERNATE_SEQUENCE RESTART WITH 18
COMMIT
INSERT INTO LECTURE VALUES(18,1,'2023-02-20 08:30:00.000000',3,11,14)
ALTER SEQUENCE PUBLIC.HIBERNATE_SEQUENCE RESTART WITH 19
COMMIT
INSERT INTO LECTURE VALUES(19,1,'2023-02-20 12:10:00.000000',3,12,15)
ALTER SEQUENCE PUBLIC.HIBERNATE_SEQUENCE RESTART WITH 20
COMMIT
INSERT INTO LECTURE VALUES(20,1,'2023-02-21 10:15:00.000000',4,11,16)
ALTER SEQUENCE PUBLIC.HIBERNATE_SEQUENCE RESTART WITH 21
COMMIT
INSERT INTO LECTURE VALUES(21,0,'2023-02-22 13:55:00.000000',3,11,14)
ALTER SEQUENCE PUBLIC.HIBERNATE_SEQUENCE RESTART WITH 22
COMMIT
INSERT INTO LECTURE VALUES(22,0,'2023-02-23 10:15:00.000000',4,11,16)
ALTER SEQUENCE PUBLIC.HIBERNATE_SEQUENCE RESTART WITH 23
COMMIT
INSERT INTO LECTURE VALUES(23,1,'2023-02-23 13:55:00.000000',4,12,17)
ALTER SEQUENCE PUBLIC.HIBERNATE_SEQUENCE RESTART WITH 24
COMMIT
